<?xml version="1.0" encoding="UTF-8" ?>
<testsuite errors="0" failures="0" hostname="NDIA-HOME" name="com.mgiandia.library.domain.BookTest" tests="10" time="0.13" timestamp="2012-10-27T16:27:31">
  <properties>
    <property name="java.vendor" value="Sun Microsystems Inc." />
    <property name="lib.dir" value="C:\JavaProjects\Export\Library\lib" />
    <property name="sun.java.launcher" value="SUN_STANDARD" />
    <property name="checkstyle.dir" value="C:\JavaProjects\Export\Library\reports\checkstyle" />
    <property name="sun.management.compiler" value="HotSpot Client Compiler" />
    <property name="os.name" value="Windows 7" />
    <property name="sun.boot.class.path" value="C:\Programs86\Java\jdk1.6.0_29\jre\lib\resources.jar;C:\Programs86\Java\jdk1.6.0_29\jre\lib\rt.jar;C:\Programs86\Java\jdk1.6.0_29\jre\lib\sunrsasign.jar;C:\Programs86\Java\jdk1.6.0_29\jre\lib\jsse.jar;C:\Programs86\Java\jdk1.6.0_29\jre\lib\jce.jar;C:\Programs86\Java\jdk1.6.0_29\jre\lib\charsets.jar;C:\Programs86\Java\jdk1.6.0_29\jre\lib\modules\jdk.boot.jar;C:\Programs86\Java\jdk1.6.0_29\jre\classes" />
    <property name="ant.file.type.Library" value="file" />
    <property name="req.doc.dir" value="C:\JavaProjects\Export\Library\doc\requirements" />
    <property name="sun.desktop" value="windows" />
    <property name="java.vm.specification.vendor" value="Sun Microsystems Inc." />
    <property name="ant.home" value="C:\JavaHome\opt\apache-ant-1.8.3" />
    <property name="java.runtime.version" value="1.6.0_29-b11" />
    <property name="checkstyle.jar" value="C:\JavaProjects\Export\Library\lib/checkstyle-all-5.0.jar" />
    <property name="umlet.home.dir" value="C:\javahome\opt\Umlet" />
    <property name="user.name" value="Admin" />
    <property name="build.dir" value="C:\JavaProjects\Export\Library\build" />
    <property name="user.language" value="el" />
    <property name="sun.boot.library.path" value="C:\Programs86\Java\jdk1.6.0_29\jre\bin" />
    <property name="reports.dir" value="C:\JavaProjects\Export\Library\reports" />
    <property name="ant.project.default-target" value="compile" />
    <property name="doc.dir" value="C:\JavaProjects\Export\Library\doc" />
    <property name="ant.project.name" value="Library" />
    <property name="java.version" value="1.6.0_29" />
    <property name="user.timezone" value="" />
    <property name="sun.arch.data.model" value="32" />
    <property name="emma.coverage.out.file" value="C:\JavaProjects\Export\Library\reports\emma/coverage.emma" />
    <property name="java.endorsed.dirs" value="C:\Programs86\Java\jdk1.6.0_29\jre\lib\endorsed" />
    <property name="system.name" value="Library" />
    <property name="sun.cpu.isalist" value="pentium_pro+mmx pentium_pro pentium+mmx pentium i486 i386 i86" />
    <property name="sun.jnu.encoding" value="Cp1253" />
    <property name="file.encoding.pkg" value="sun.io" />
    <property name="file.separator" value="\" />
    <property name="java.specification.name" value="Java Platform API Specification" />
    <property name="java.class.version" value="50.0" />
    <property name="user.country" value="GR" />
    <property name="java.home" value="C:\Programs86\Java\jdk1.6.0_29\jre" />
    <property name="java.vm.info" value="mixed mode, sharing" />
    <property name="ant.file" value="C:\JavaProjects\Export\Library\build.xml" />
    <property name="os.version" value="6.1" />
    <property name="ant.file.Library" value="C:\JavaProjects\Export\Library\build.xml" />
    <property name="api.doc.dir" value="C:\JavaProjects\Export\Library\doc\api" />
    <property name="path.separator" value=";" />
    <property name="java.vm.version" value="20.4-b02" />
    <property name="user.variant" value="" />
    <property name="ant.library.dir" value="C:\JavaHome\opt\apache-ant-1.8.3\lib" />
    <property name="java.awt.printerjob" value="sun.awt.windows.WPrinterJob" />
    <property name="sun.io.unicode.encoding" value="UnicodeLittle" />
    <property name="testdoc.dir" value="C:\JavaProjects\Export\Library\doc" />
    <property name="awt.toolkit" value="sun.awt.windows.WToolkit" />
    <property name="req.dir" value="C:\JavaProjects\Export\Library\requirements" />
    <property name="user.home" value="C:\Users\Admin" />
    <property name="java.specification.vendor" value="Sun Microsystems Inc." />
    <property name="test.dir" value="C:\JavaProjects\Export\Library\test" />
    <property name="junit.dir" value="C:\JavaProjects\Export\Library\reports\junit" />
    <property name="java.library.path" value="C:\Programs86\Java\jdk1.6.0_29\jre\bin;C:\Windows\Sun\Java\bin;C:\Windows\system32;C:\Windows;C:\Windows\system32;C:\Windows;C:\Windows\System32\Wbem;C:\Windows\System32\WindowsPowerShell\v1.0\;C:\Program Files\jEdit;C:\Program Files (x86)\Calibre2\;C:\JavaHome\opt\apache-ant-1.8.3\bin;C:\Programs86\Graphviz 2.28\bin;C:\Programs86\MySQL\MySQL Server 5.5\bin;C:\Programs86\Java\jre6\bin;C:\Programs86\IDMComputerSolutions\UltraEdit\;." />
    <property name="java.vendor.url" value="http://java.sun.com/" />
    <property name="java.vm.vendor" value="Sun Microsystems Inc." />
    <property name="java.runtime.name" value="Java(TM) SE Runtime Environment" />
    <property name="sun.java.command" value="org.apache.tools.ant.taskdefs.optional.junit.JUnitTestRunner com.mgiandia.library.domain.BookTest filtertrace=true haltOnError=false haltOnFailure=false formatter=org.apache.tools.ant.taskdefs.optional.junit.OutErrSummaryJUnitResultFormatter showoutput=false outputtoformatters=true logfailedtests=true logtestlistenerevents=false formatter=org.apache.tools.ant.taskdefs.optional.junit.XMLJUnitResultFormatter,C:\JavaProjects\Export\Library\reports\junit\TEST-com.mgiandia.library.domain.BookTest.xml crashfile=C:\JavaProjects\Export\Library\junitvmwatcher1675860007675505826.properties propsfile=C:\JavaProjects\Export\Library\junit3007363243332322538.properties" />
    <property name="java.class.path" value="C:\JavaProjects\Export\Library\instr;C:\JavaHome\opt\apache-ant-1.8.3\lib\ant-launcher.jar;C:\JavaHome\opt\apache-ant-1.8.3\lib\ant-antlr.jar;C:\JavaHome\opt\apache-ant-1.8.3\lib\ant-apache-bcel.jar;C:\JavaHome\opt\apache-ant-1.8.3\lib\ant-apache-bsf.jar;C:\JavaHome\opt\apache-ant-1.8.3\lib\ant-apache-log4j.jar;C:\JavaHome\opt\apache-ant-1.8.3\lib\ant-apache-oro.jar;C:\JavaHome\opt\apache-ant-1.8.3\lib\ant-apache-regexp.jar;C:\JavaHome\opt\apache-ant-1.8.3\lib\ant-apache-resolver.jar;C:\JavaHome\opt\apache-ant-1.8.3\lib\ant-apache-xalan2.jar;C:\JavaHome\opt\apache-ant-1.8.3\lib\ant-commons-logging.jar;C:\JavaHome\opt\apache-ant-1.8.3\lib\ant-commons-net.jar;C:\JavaHome\opt\apache-ant-1.8.3\lib\ant-jai.jar;C:\JavaHome\opt\apache-ant-1.8.3\lib\ant-javamail.jar;C:\JavaHome\opt\apache-ant-1.8.3\lib\ant-jdepend.jar;C:\JavaHome\opt\apache-ant-1.8.3\lib\ant-jmf.jar;C:\JavaHome\opt\apache-ant-1.8.3\lib\ant-jsch.jar;C:\JavaHome\opt\apache-ant-1.8.3\lib\ant-junit.jar;C:\JavaHome\opt\apache-ant-1.8.3\lib\ant-junit4.jar;C:\JavaHome\opt\apache-ant-1.8.3\lib\ant-netrexx.jar;C:\JavaHome\opt\apache-ant-1.8.3\lib\ant-swing.jar;C:\JavaHome\opt\apache-ant-1.8.3\lib\ant-testutil.jar;C:\JavaHome\opt\apache-ant-1.8.3\lib\ant.jar;C:\Programs86\Java\jdk1.6.0_29\lib\tools.jar;C:\JavaProjects\Export\Library\lib\emma.jar;C:\JavaProjects\Export\Library\lib\emma_ant.jar;C:\JavaProjects\Export\Library\lib\antlr-2.7.6.jar;C:\JavaProjects\Export\Library\lib\checkstyle-all-5.0.jar;C:\JavaProjects\Export\Library\lib\commons-collections-3.1.jar;C:\JavaProjects\Export\Library\lib\dom4j-1.6.1.jar;C:\JavaProjects\Export\Library\lib\easymock.jar;C:\JavaProjects\Export\Library\lib\h2-1.2.135.jar;C:\JavaProjects\Export\Library\lib\hibernate-jpa-2.0-api-1.0.0.Final.jar;C:\JavaProjects\Export\Library\lib\hibernate3.jar;C:\JavaProjects\Export\Library\lib\javassist-3.9.0.GA.jar;C:\JavaProjects\Export\Library\lib\jta-1.1.jar;C:\JavaProjects\Export\Library\lib\junit-4.6.jar;C:\JavaProjects\Export\Library\lib\org.eclipse.mylyn.wikitext.core_1.6.0.I20120303-2255.jar;C:\JavaProjects\Export\Library\lib\org.eclipse.mylyn.wikitext.textile.core_1.6.0.I20120303-2255.jar;C:\JavaProjects\Export\Library\lib\slf4j-api-1.5.8.jar;C:\JavaProjects\Export\Library\lib\slf4j-simple-1.5.8.jar" />
    <property name="ant.version" value="Apache Ant(TM) version 1.8.3 compiled on February 26 2012" />
    <property name="java.vm.specification.name" value="Java Virtual Machine Specification" />
    <property name="ant.file.type" value="file" />
    <property name="java.vm.specification.version" value="1.0" />
    <property name="junit.jar" value="C:\JavaProjects\Export\Library\lib\junit-4.6.jar" />
    <property name="sun.cpu.endian" value="little" />
    <property name="sun.os.patch.level" value="Service Pack 1" />
    <property name="java.io.tmpdir" value="C:\Users\Admin\AppData\Local\Temp\" />
    <property name="java.vendor.url.bug" value="http://java.sun.com/cgi-bin/bugreport.cgi" />
    <property name="os.arch" value="x86" />
    <property name="java.awt.graphicsenv" value="sun.awt.Win32GraphicsEnvironment" />
    <property name="design.doc.dir" value="C:\JavaProjects\Export\Library\doc\design" />
    <property name="java.ext.dirs" value="C:\Programs86\Java\jdk1.6.0_29\jre\lib\ext;C:\Windows\Sun\Java\lib\ext" />
    <property name="user.dir" value="C:\JavaProjects\Export\Library" />
    <property name="emma.coverage.out.merge" value="true" />
    <property name="emma.dir" value="C:\JavaProjects\Export\Library\reports\emma" />
    <property name="emma.lib.dir" value="C:\JavaProjects\Export\Library\lib" />
    <property name="line.separator" value="&#xd;&#xa;" />
    <property name="java.vm.name" value="Java HotSpot(TM) Client VM" />
    <property name="design.diagrams.dir" value="C:\JavaProjects\Export\Library\design\diagrams" />
    <property name="basedir" value="C:\JavaProjects\Export\Library" />
    <property name="ant.java.version" value="1.6" />
    <property name="ant.core.lib" value="C:\JavaHome\opt\apache-ant-1.8.3\lib\ant.jar" />
    <property name="file.encoding" value="Cp1253" />
    <property name="java.specification.version" value="1.6" />
    <property name="src.dir" value="C:\JavaProjects\Export\Library\src" />
    <property name="ant.project.invoked-targets" value="coverage" />
    <property name="instr.dir" value="C:\JavaProjects\Export\Library\instr" />
  </properties>
  <testcase classname="com.mgiandia.library.domain.BookTest" name="succefulSetUp" time="0.04" />
  <testcase classname="com.mgiandia.library.domain.BookTest" name="addNullAsItem" time="0.0" />
  <testcase classname="com.mgiandia.library.domain.BookTest" name="addNullAsAuthor" time="0.0" />
  <testcase classname="com.mgiandia.library.domain.BookTest" name="addAuthor" time="0.0" />
  <testcase classname="com.mgiandia.library.domain.BookTest" name="removeNullAsItem" time="0.0" />
  <testcase classname="com.mgiandia.library.domain.BookTest" name="removeNullAsAuthor" time="0.0" />
  <testcase classname="com.mgiandia.library.domain.BookTest" name="removeAuthor" time="0.0" />
  <testcase classname="com.mgiandia.library.domain.BookTest" name="addingSameItemIntoTwoBooks" time="0.0" />
  <testcase classname="com.mgiandia.library.domain.BookTest" name="addItem" time="0.0" />
  <testcase classname="com.mgiandia.library.domain.BookTest" name="removeItem" time="0.0" />
  <system-out><![CDATA[collecting runtime coverage data ...
]]></system-out>
  <system-err><![CDATA[]]></system-err>
</testsuite>
